Anas sera au courant... mais un peu tard.m4a
Anthony! Où est-ce qu'il se cache _.m4a
Il arrive....m4a
SarArrive!.m4a
Plus on nous entend....m4a
La tournante !.m4a
DEF  Running Time of an Algorithm.m4a
Pourquoi y'a du vent _.m4a
T'as déjà lancé le truc _.m4a
DEF  Worstcase Running Time of an Algorithm.m4a
Ah bah oui bah !.m4a
P_____, ça va mal à dire !.m4a
Big O of f of n.m4a
DEF  Big O.m4a
J'ai fait comme j'ai pu.m4a
DEF  Complexity of an Algorithm.m4a
Tartorturé Anthony !.m4a
Imagine, t'es entrain de tricher pendant un exam.m4a
Silence!.m4a
DEF  Complexity of a Problem.m4a
J'ai pas mis beaucoup d'émotion.m4a
DEF  Complexity class P.m4a
DEF  Complexity class NP.m4a
The definition is complete.m4a
DEF  Complexity class coNP.m4a
DEF  Polynomial Reduction.m4a
DEF  Hardness.m4a
The final definition.m4a
DEF  Completeness.m4a
sounds.lst
